2026-01-11T19:50:16.800+05:30  INFO 55652 --- [Test worker] o.e.task.TaskManagementApplicationTests  : Starting TaskManagementApplicationTests using Java 23.0.2 with PID 55652 (started by sheikhs in C:\Users\sheikhs\IdeaProjects\Task-Management)
2026-01-11T19:50:16.800+05:30 DEBUG 55652 --- [Test worker] o.e.task.TaskManagementApplicationTests  : Running with Spring Boot v3.3.2, Spring v6.1.11
2026-01-11T19:50:16.809+05:30  INFO 55652 --- [Test worker] o.e.task.TaskManagementApplicationTests  : No active profile set, falling back to 1 default profile: "default"
2026-01-11T19:50:18.984+05:30  INFO 55652 --- [Test worker] o.e.task.TaskManagementApplicationTests  : Started TaskManagementApplicationTests in 2.733 seconds (process running for 4.782)
2026-01-11T19:50:20.224+05:30  INFO 55652 --- [Test worker] t.c.s.AnnotationConfigContextLoaderUtils : Could not detect default configuration classes for test class [org.example.task.api.TaskControllerIntegrationTest]: TaskControllerIntegrationTest does not declare any static, non-private, non-final, nested classes annotated with @Configuration.
2026-01-11T19:50:20.240+05:30  INFO 55652 --- [Test worker] .b.t.c.SpringBootTestContextBootstrapper : Found @SpringBootConfiguration org.example.TaskManagementApplication for test class org.example.task.api.TaskControllerIntegrationTest
2026-01-11T19:50:20.287+05:30  INFO 55652 --- [Test worker] o.e.t.api.TaskControllerIntegrationTest  : Starting TaskControllerIntegrationTest using Java 23.0.2 with PID 55652 (started by sheikhs in C:\Users\sheikhs\IdeaProjects\Task-Management)
2026-01-11T19:50:20.287+05:30 DEBUG 55652 --- [Test worker] o.e.t.api.TaskControllerIntegrationTest  : Running with Spring Boot v3.3.2, Spring v6.1.11
2026-01-11T19:50:20.287+05:30  INFO 55652 --- [Test worker] o.e.t.api.TaskControllerIntegrationTest  : No active profile set, falling back to 1 default profile: "default"
2026-01-11T19:50:20.603+05:30  INFO 55652 --- [Test worker] o.s.b.t.m.w.SpringBootMockServletContext : Initializing Spring TestDispatcherServlet ''
2026-01-11T19:50:20.603+05:30  INFO 55652 --- [Test worker] o.s.t.web.servlet.TestDispatcherServlet  : Initializing Servlet ''
2026-01-11T19:50:20.603+05:30  INFO 55652 --- [Test worker] o.s.t.web.servlet.TestDispatcherServlet  : Completed initialization in 0 ms
2026-01-11T19:50:20.603+05:30  INFO 55652 --- [Test worker] o.e.t.api.TaskControllerIntegrationTest  : Started TaskControllerIntegrationTest in 0.363 seconds (process running for 6.404)
2026-01-11T19:50:45.906+05:30  INFO 32520 --- [main] org.example.TaskManagementApplication    : Starting TaskManagementApplication using Java 23-valhalla with PID 32520 (C:\Users\sheikhs\IdeaProjects\Task-Management\build\classes\java\main started by sheikhs in C:\Users\sheikhs\IdeaProjects\Task-Management)
2026-01-11T19:50:45.906+05:30 DEBUG 32520 --- [main] org.example.TaskManagementApplication    : Running with Spring Boot v3.3.2, Spring v6.1.11
2026-01-11T19:50:45.906+05:30  INFO 32520 --- [main] org.example.TaskManagementApplication    : No active profile set, falling back to 1 default profile: "default"
2026-01-11T19:50:47.873+05:30  INFO 32520 --- [main] o.s.b.w.embedded.tomcat.TomcatWebServer  : Tomcat initialized with port 8081 (http)
2026-01-11T19:50:47.889+05:30  INFO 32520 --- [main] o.apache.catalina.core.StandardService   : Starting service [Tomcat]
2026-01-11T19:50:47.889+05:30  INFO 32520 --- [main] o.apache.catalina.core.StandardEngine    : Starting Servlet engine: [Apache Tomcat/10.1.26]
2026-01-11T19:50:47.985+05:30  INFO 32520 --- [main] o.a.c.c.C.[Tomcat].[localhost].[/]       : Initializing Spring embedded WebApplicationContext
2026-01-11T19:50:47.985+05:30  INFO 32520 --- [main] w.s.c.ServletWebServerApplicationContext : Root WebApplicationContext: initialization completed in 1978 ms
2026-01-11T19:50:48.653+05:30  INFO 32520 --- [main] o.s.b.w.embedded.tomcat.TomcatWebServer  : Tomcat started on port 8081 (http) with context path '/'
2026-01-11T19:50:48.681+05:30  INFO 32520 --- [main] org.example.TaskManagementApplication    : Started TaskManagementApplication in 3.768 seconds (process running for 4.314)
2026-01-11T19:51:52.369+05:30  INFO 32520 --- [http-nio-8081-exec-3] o.a.c.c.C.[Tomcat].[localhost].[/]       : Initializing Spring DispatcherServlet 'dispatcherServlet'
2026-01-11T19:51:52.369+05:30  INFO 32520 --- [http-nio-8081-exec-3] o.s.web.servlet.DispatcherServlet        : Initializing Servlet 'dispatcherServlet'
2026-01-11T19:51:52.371+05:30  INFO 32520 --- [http-nio-8081-exec-3] o.s.web.servlet.DispatcherServlet        : Completed initialization in 0 ms
2026-01-11T21:15:04.440+05:30  INFO 55084 --- [Test worker] o.e.task.TaskManagementApplicationTests  : Starting TaskManagementApplicationTests using Java 23.0.2 with PID 55084 (started by sheikhs in C:\Users\sheikhs\IdeaProjects\Task-Management)
2026-01-11T21:15:04.440+05:30 DEBUG 55084 --- [Test worker] o.e.task.TaskManagementApplicationTests  : Running with Spring Boot v3.3.2, Spring v6.1.11
2026-01-11T21:15:04.440+05:30  INFO 55084 --- [Test worker] o.e.task.TaskManagementApplicationTests  : No active profile set, falling back to 1 default profile: "default"
2026-01-11T21:15:06.396+05:30  INFO 55084 --- [Test worker] o.e.task.TaskManagementApplicationTests  : Started TaskManagementApplicationTests in 2.453 seconds (process running for 4.086)
2026-01-11T21:15:07.490+05:30  INFO 55084 --- [Test worker] t.c.s.AnnotationConfigContextLoaderUtils : Could not detect default configuration classes for test class [org.example.task.api.TaskControllerIntegrationTest]: TaskControllerIntegrationTest does not declare any static, non-private, non-final, nested classes annotated with @Configuration.
2026-01-11T21:15:07.506+05:30  INFO 55084 --- [Test worker] .b.t.c.SpringBootTestContextBootstrapper : Found @SpringBootConfiguration org.example.TaskManagementApplication for test class org.example.task.api.TaskControllerIntegrationTest
2026-01-11T21:15:07.543+05:30  INFO 55084 --- [Test worker] o.e.t.api.TaskControllerIntegrationTest  : Starting TaskControllerIntegrationTest using Java 23.0.2 with PID 55084 (started by sheikhs in C:\Users\sheikhs\IdeaProjects\Task-Management)
2026-01-11T21:15:07.543+05:30 DEBUG 55084 --- [Test worker] o.e.t.api.TaskControllerIntegrationTest  : Running with Spring Boot v3.3.2, Spring v6.1.11
2026-01-11T21:15:07.543+05:30  INFO 55084 --- [Test worker] o.e.t.api.TaskControllerIntegrationTest  : No active profile set, falling back to 1 default profile: "default"
2026-01-11T21:15:07.854+05:30  INFO 55084 --- [Test worker] o.s.b.t.m.w.SpringBootMockServletContext : Initializing Spring TestDispatcherServlet ''
2026-01-11T21:15:07.854+05:30  INFO 55084 --- [Test worker] o.s.t.web.servlet.TestDispatcherServlet  : Initializing Servlet ''
2026-01-11T21:15:07.854+05:30  INFO 55084 --- [Test worker] o.s.t.web.servlet.TestDispatcherServlet  : Completed initialization in 0 ms
2026-01-11T21:15:07.854+05:30  INFO 55084 --- [Test worker] o.e.t.api.TaskControllerIntegrationTest  : Started TaskControllerIntegrationTest in 0.348 seconds (process running for 5.536)
2026-01-11T21:20:14.663+05:30  INFO 22808 --- [main] org.example.TaskManagementApplication    : Starting TaskManagementApplication using Java 23-valhalla with PID 22808 (C:\Users\sheikhs\IdeaProjects\Task-Management\build\classes\java\main started by sheikhs in C:\Users\sheikhs\IdeaProjects\Task-Management)
2026-01-11T21:20:14.663+05:30 DEBUG 22808 --- [main] org.example.TaskManagementApplication    : Running with Spring Boot v3.3.2, Spring v6.1.11
2026-01-11T21:20:14.663+05:30  INFO 22808 --- [main] org.example.TaskManagementApplication    : No active profile set, falling back to 1 default profile: "default"
2026-01-11T21:20:16.185+05:30  INFO 22808 --- [main] o.s.b.w.embedded.tomcat.TomcatWebServer  : Tomcat initialized with port 8081 (http)
2026-01-11T21:20:16.208+05:30  INFO 22808 --- [main] o.apache.catalina.core.StandardService   : Starting service [Tomcat]
2026-01-11T21:20:16.208+05:30  INFO 22808 --- [main] o.apache.catalina.core.StandardEngine    : Starting Servlet engine: [Apache Tomcat/10.1.26]
2026-01-11T21:20:16.268+05:30  INFO 22808 --- [main] o.a.c.c.C.[Tomcat].[localhost].[/]       : Initializing Spring embedded WebApplicationContext
2026-01-11T21:20:16.268+05:30  INFO 22808 --- [main] w.s.c.ServletWebServerApplicationContext : Root WebApplicationContext: initialization completed in 1509 ms
2026-01-11T21:20:16.855+05:30  INFO 22808 --- [main] o.s.b.w.embedded.tomcat.TomcatWebServer  : Tomcat started on port 8081 (http) with context path '/'
2026-01-11T21:20:16.855+05:30  INFO 22808 --- [main] org.example.TaskManagementApplication    : Started TaskManagementApplication in 3.081 seconds (process running for 3.574)
2026-01-11T21:24:27.421+05:30  INFO 20956 --- [Test worker] o.example.task.api.TaskControllerTest    : Starting TaskControllerTest using Java 23-valhalla with PID 20956 (started by sheikhs in C:\Users\sheikhs\IdeaProjects\Task-Management)
2026-01-11T21:24:27.421+05:30 DEBUG 20956 --- [Test worker] o.example.task.api.TaskControllerTest    : Running with Spring Boot v3.3.2, Spring v6.1.11
2026-01-11T21:24:27.431+05:30  INFO 20956 --- [Test worker] o.example.task.api.TaskControllerTest    : No active profile set, falling back to 1 default profile: "default"
2026-01-11T21:24:30.413+05:30  INFO 20956 --- [Test worker] o.s.b.t.m.w.SpringBootMockServletContext : Initializing Spring TestDispatcherServlet ''
2026-01-11T21:24:30.413+05:30  INFO 20956 --- [Test worker] o.s.t.web.servlet.TestDispatcherServlet  : Initializing Servlet ''
2026-01-11T21:24:30.421+05:30  INFO 20956 --- [Test worker] o.s.t.web.servlet.TestDispatcherServlet  : Completed initialization in 8 ms
2026-01-11T21:24:30.452+05:30  INFO 20956 --- [Test worker] o.example.task.api.TaskControllerTest    : Started TaskControllerTest in 3.719 seconds (process running for 5.329)
2026-01-11T21:28:53.624+05:30  INFO 54164 --- [main] org.example.TaskManagementApplication    : Starting TaskManagementApplication using Java 23-valhalla with PID 54164 (C:\Users\sheikhs\IdeaProjects\Task-Management\build\classes\java\main started by sheikhs in C:\Users\sheikhs\IdeaProjects\Task-Management)
2026-01-11T21:28:53.624+05:30 DEBUG 54164 --- [main] org.example.TaskManagementApplication    : Running with Spring Boot v3.3.2, Spring v6.1.11
2026-01-11T21:28:53.624+05:30  INFO 54164 --- [main] org.example.TaskManagementApplication    : No active profile set, falling back to 1 default profile: "default"
2026-01-11T21:28:55.101+05:30  INFO 54164 --- [main] o.s.b.w.embedded.tomcat.TomcatWebServer  : Tomcat initialized with port 8081 (http)
2026-01-11T21:28:55.122+05:30  INFO 54164 --- [main] o.apache.catalina.core.StandardService   : Starting service [Tomcat]
2026-01-11T21:28:55.122+05:30  INFO 54164 --- [main] o.apache.catalina.core.StandardEngine    : Starting Servlet engine: [Apache Tomcat/10.1.26]
2026-01-11T21:28:55.185+05:30  INFO 54164 --- [main] o.a.c.c.C.[Tomcat].[localhost].[/]       : Initializing Spring embedded WebApplicationContext
2026-01-11T21:28:55.185+05:30  INFO 54164 --- [main] w.s.c.ServletWebServerApplicationContext : Root WebApplicationContext: initialization completed in 1486 ms
2026-01-11T21:28:55.692+05:30  INFO 54164 --- [main] o.s.b.w.embedded.tomcat.TomcatWebServer  : Tomcat started on port 8081 (http) with context path '/'
2026-01-11T21:28:55.692+05:30  INFO 54164 --- [main] org.example.TaskManagementApplication    : Started TaskManagementApplication in 2.915 seconds (process running for 3.42)
2026-01-11T21:30:12.231+05:30  INFO 22752 --- [main] org.example.TaskManagementApplication    : Starting TaskManagementApplication using Java 23-valhalla with PID 22752 (C:\Users\sheikhs\IdeaProjects\Task-Management\build\classes\java\main started by sheikhs in C:\Users\sheikhs\IdeaProjects\Task-Management)
2026-01-11T21:30:12.235+05:30 DEBUG 22752 --- [main] org.example.TaskManagementApplication    : Running with Spring Boot v3.3.2, Spring v6.1.11
2026-01-11T21:30:12.235+05:30  INFO 22752 --- [main] org.example.TaskManagementApplication    : No active profile set, falling back to 1 default profile: "default"
2026-01-11T21:30:13.980+05:30  INFO 22752 --- [main] o.s.b.w.embedded.tomcat.TomcatWebServer  : Tomcat initialized with port 8081 (http)
2026-01-11T21:30:13.997+05:30  INFO 22752 --- [main] o.apache.catalina.core.StandardService   : Starting service [Tomcat]
2026-01-11T21:30:13.997+05:30  INFO 22752 --- [main] o.apache.catalina.core.StandardEngine    : Starting Servlet engine: [Apache Tomcat/10.1.26]
2026-01-11T21:30:14.108+05:30  INFO 22752 --- [main] o.a.c.c.C.[Tomcat].[localhost].[/]       : Initializing Spring embedded WebApplicationContext
2026-01-11T21:30:14.108+05:30  INFO 22752 --- [main] w.s.c.ServletWebServerApplicationContext : Root WebApplicationContext: initialization completed in 1776 ms
2026-01-11T21:30:14.735+05:30  INFO 22752 --- [main] o.s.b.w.embedded.tomcat.TomcatWebServer  : Tomcat started on port 8081 (http) with context path '/'
2026-01-11T21:30:14.739+05:30  INFO 22752 --- [main] org.example.TaskManagementApplication    : Started TaskManagementApplication in 4.039 seconds (process running for 4.852)
2026-01-11T21:31:04.692+05:30  INFO 24136 --- [main] org.example.TaskManagementApplication    : Starting TaskManagementApplication using Java 23-valhalla with PID 24136 (C:\Users\sheikhs\IdeaProjects\Task-Management\build\classes\java\main started by sheikhs in C:\Users\sheikhs\IdeaProjects\Task-Management)
2026-01-11T21:31:04.696+05:30 DEBUG 24136 --- [main] org.example.TaskManagementApplication    : Running with Spring Boot v3.3.2, Spring v6.1.11
2026-01-11T21:31:04.698+05:30  INFO 24136 --- [main] org.example.TaskManagementApplication    : No active profile set, falling back to 1 default profile: "default"
2026-01-11T21:31:06.079+05:30  INFO 24136 --- [main] o.s.b.w.embedded.tomcat.TomcatWebServer  : Tomcat initialized with port 8081 (http)
2026-01-11T21:31:06.097+05:30  INFO 24136 --- [main] o.apache.catalina.core.StandardService   : Starting service [Tomcat]
2026-01-11T21:31:06.097+05:30  INFO 24136 --- [main] o.apache.catalina.core.StandardEngine    : Starting Servlet engine: [Apache Tomcat/10.1.26]
2026-01-11T21:31:06.188+05:30  INFO 24136 --- [main] o.a.c.c.C.[Tomcat].[localhost].[/]       : Initializing Spring embedded WebApplicationContext
2026-01-11T21:31:06.188+05:30  INFO 24136 --- [main] w.s.c.ServletWebServerApplicationContext : Root WebApplicationContext: initialization completed in 1431 ms
2026-01-11T21:31:06.718+05:30  INFO 24136 --- [main] o.s.b.w.embedded.tomcat.TomcatWebServer  : Tomcat started on port 8081 (http) with context path '/'
2026-01-11T21:31:06.737+05:30  INFO 24136 --- [main] org.example.TaskManagementApplication    : Started TaskManagementApplication in 2.927 seconds (process running for 3.483)
2026-01-11T21:31:42.699+05:30  INFO 24136 --- [http-nio-8081-exec-1] o.a.c.c.C.[Tomcat].[localhost].[/]       : Initializing Spring DispatcherServlet 'dispatcherServlet'
2026-01-11T21:31:42.699+05:30  INFO 24136 --- [http-nio-8081-exec-1] o.s.web.servlet.DispatcherServlet        : Initializing Servlet 'dispatcherServlet'
2026-01-11T21:31:42.699+05:30  INFO 24136 --- [http-nio-8081-exec-1] o.s.web.servlet.DispatcherServlet        : Completed initialization in 0 ms
2026-01-11T21:39:39.421+05:30  INFO 49432 --- [Test worker] o.e.t.api.TaskControllerIntegrationTest  : Starting TaskControllerIntegrationTest using Java 23-valhalla with PID 49432 (started by sheikhs in C:\Users\sheikhs\IdeaProjects\Task-Management)
2026-01-11T21:39:39.421+05:30 DEBUG 49432 --- [Test worker] o.e.t.api.TaskControllerIntegrationTest  : Running with Spring Boot v3.3.2, Spring v6.1.11
2026-01-11T21:39:39.421+05:30  INFO 49432 --- [Test worker] o.e.t.api.TaskControllerIntegrationTest  : No active profile set, falling back to 1 default profile: "default"
2026-01-11T21:39:41.069+05:30  INFO 49432 --- [Test worker] o.s.b.t.m.w.SpringBootMockServletContext : Initializing Spring TestDispatcherServlet ''
2026-01-11T21:39:41.069+05:30  INFO 49432 --- [Test worker] o.s.t.web.servlet.TestDispatcherServlet  : Initializing Servlet ''
2026-01-11T21:39:41.069+05:30  INFO 49432 --- [Test worker] o.s.t.web.servlet.TestDispatcherServlet  : Completed initialization in 0 ms
2026-01-11T21:39:41.100+05:30  INFO 49432 --- [Test worker] o.e.t.api.TaskControllerIntegrationTest  : Started TaskControllerIntegrationTest in 2.303 seconds (process running for 3.872)
2026-01-11T21:41:05.834+05:30  INFO 44996 --- [Test worker] o.e.task.TaskManagementApplicationTests  : Starting TaskManagementApplicationTests using Java 23.0.2 with PID 44996 (started by sheikhs in C:\Users\sheikhs\IdeaProjects\Task-Management)
2026-01-11T21:41:05.834+05:30 DEBUG 44996 --- [Test worker] o.e.task.TaskManagementApplicationTests  : Running with Spring Boot v3.3.2, Spring v6.1.11
2026-01-11T21:41:05.834+05:30  INFO 44996 --- [Test worker] o.e.task.TaskManagementApplicationTests  : No active profile set, falling back to 1 default profile: "default"
2026-01-11T21:41:07.605+05:30  INFO 44996 --- [Test worker] o.e.task.TaskManagementApplicationTests  : Started TaskManagementApplicationTests in 2.235 seconds (process running for 3.943)
2026-01-11T21:41:08.590+05:30  INFO 44996 --- [Test worker] t.c.s.AnnotationConfigContextLoaderUtils : Could not detect default configuration classes for test class [org.example.task.api.TaskControllerIntegrationTest]: TaskControllerIntegrationTest does not declare any static, non-private, non-final, nested classes annotated with @Configuration.
2026-01-11T21:41:08.605+05:30  INFO 44996 --- [Test worker] .b.t.c.SpringBootTestContextBootstrapper : Found @SpringBootConfiguration org.example.TaskManagementApplication for test class org.example.task.api.TaskControllerIntegrationTest
2026-01-11T21:41:08.654+05:30  INFO 44996 --- [Test worker] o.e.t.api.TaskControllerIntegrationTest  : Starting TaskControllerIntegrationTest using Java 23.0.2 with PID 44996 (started by sheikhs in C:\Users\sheikhs\IdeaProjects\Task-Management)
2026-01-11T21:41:08.654+05:30 DEBUG 44996 --- [Test worker] o.e.t.api.TaskControllerIntegrationTest  : Running with Spring Boot v3.3.2, Spring v6.1.11
2026-01-11T21:41:08.654+05:30  INFO 44996 --- [Test worker] o.e.t.api.TaskControllerIntegrationTest  : No active profile set, falling back to 1 default profile: "default"
2026-01-11T21:41:08.940+05:30  INFO 44996 --- [Test worker] o.s.b.t.m.w.SpringBootMockServletContext : Initializing Spring TestDispatcherServlet ''
2026-01-11T21:41:08.940+05:30  INFO 44996 --- [Test worker] o.s.t.web.servlet.TestDispatcherServlet  : Initializing Servlet ''
2026-01-11T21:41:08.940+05:30  INFO 44996 --- [Test worker] o.s.t.web.servlet.TestDispatcherServlet  : Completed initialization in 0 ms
2026-01-11T21:41:08.956+05:30  INFO 44996 --- [Test worker] o.e.t.api.TaskControllerIntegrationTest  : Started TaskControllerIntegrationTest in 0.335 seconds (process running for 5.292)
2026-01-11T21:41:09.345+05:30  INFO 44996 --- [Test worker] t.c.s.AnnotationConfigContextLoaderUtils : Could not detect default configuration classes for test class [org.example.task.api.TaskControllerTest]: TaskControllerTest does not declare any static, non-private, non-final, nested classes annotated with @Configuration.
2026-01-11T21:41:09.362+05:30  INFO 44996 --- [Test worker] .b.t.c.SpringBootTestContextBootstrapper : Found @SpringBootConfiguration org.example.TaskManagementApplication for test class org.example.task.api.TaskControllerTest
2026-01-11T21:41:09.394+05:30  INFO 44996 --- [Test worker] o.example.task.api.TaskControllerTest    : Starting TaskControllerTest using Java 23.0.2 with PID 44996 (started by sheikhs in C:\Users\sheikhs\IdeaProjects\Task-Management)
2026-01-11T21:41:09.394+05:30 DEBUG 44996 --- [Test worker] o.example.task.api.TaskControllerTest    : Running with Spring Boot v3.3.2, Spring v6.1.11
2026-01-11T21:41:09.394+05:30  INFO 44996 --- [Test worker] o.example.task.api.TaskControllerTest    : No active profile set, falling back to 1 default profile: "default"
2026-01-11T21:41:09.828+05:30  INFO 44996 --- [Test worker] o.s.b.t.m.w.SpringBootMockServletContext : Initializing Spring TestDispatcherServlet ''
2026-01-11T21:41:09.843+05:30  INFO 44996 --- [Test worker] o.s.t.web.servlet.TestDispatcherServlet  : Initializing Servlet ''
2026-01-11T21:41:09.843+05:30  INFO 44996 --- [Test worker] o.s.t.web.servlet.TestDispatcherServlet  : Completed initialization in 0 ms
2026-01-11T21:41:09.855+05:30  INFO 44996 --- [Test worker] o.example.task.api.TaskControllerTest    : Started TaskControllerTest in 0.476 seconds (process running for 6.189)
